//workspace/mlir-inconsistent/venv/lib/python3.11/site-packages/tree_sitter/__init__.py:36: FutureWarning: Language(path, name) is deprecated. Use Language(ptr, name) instead.
  warn("{} is deprecated. Use {} instead.".format(old, new), FutureWarning)

📄 Parsing file: //workspace/llvm-release/llvm-project/mlir/lib/Conversion/AffineToStandard/AffineToStandard.cpp
  AffineApplyOp:
  AffineDmaStartOp:
    - memref::DmaStartOp
  AffineDmaWaitOp:
    - memref::DmaWaitOp
  AffineForOp:
    - arith::ConstantIndexOp
    - scf::ForOp
  AffineIfOp:
    - arith::AndIOp
    - arith::CmpIOp
    - arith::ConstantIndexOp
    - arith::ConstantIntOp
    - scf::IfOp
  AffineLoadOp:
    - memref::LoadOp
  AffineMaxOp:
  AffineMinOp:
  AffineParallelOp:
    - arith::ConstantIndexOp
    - scf::ParallelOp
    - scf::ReduceOp
    - scf::ReduceReturnOp
  AffinePrefetchOp:
    - memref::PrefetchOp
  AffineStoreOp:
    - memref::StoreOp
  AffineVectorLoadOp:
    - vector::LoadOp
  AffineVectorStoreOp:
    - vector::StoreOp
  AffineYieldOp:
    - scf::YieldOp

📄 Parsing file: //workspace/llvm-release/llvm-project/mlir/lib/Conversion/TosaToLinalg/TosaToLinalgNamed.cpp
  TosaConvOp:
    - LinalgConvOp
    - LinalgConvQOp
    - arith::ConstantOp
    - tensor::EmptyOp
    - tosa::TransposeOp
  tosa::AvgPool2dOp:
    - arith::AddIOp
    - arith::ConstantIndexOp
    - arith::ConstantIntOp
    - arith::ConstantOp
    - arith::DivFOp
    - arith::DivUIOp
    - arith::ExtUIOp
    - arith::IndexCastOp
    - arith::MaxSIOp
    - arith::MinSIOp
    - arith::MulIOp
    - arith::SIToFPOp
    - arith::ShLIOp
    - arith::SubIOp
    - arith::TruncFOp
    - arith::TruncIOp
    - linalg::FillOp
    - linalg::GenericOp
    - linalg::IndexOp
    - linalg::PoolingNhwcSumOp
    - linalg::YieldOp
    - math::CountLeadingZerosOp
    - tensor::DimOp
    - tensor::EmptyOp
    - tosa::ApplyScaleOp
  tosa::DepthwiseConv2DOp:
    - arith::AddFOp
    - arith::ConstantOp
    - linalg::DepthwiseConv2DNhwcHwcmOp
    - linalg::DepthwiseConv2DNhwcHwcmQOp
    - linalg::FillOp
    - linalg::GenericOp
    - linalg::YieldOp
    - tensor::CollapseShapeOp
    - tensor::EmptyOp
  tosa::MatMulOp:
    - arith::ConstantOp
    - linalg::BatchMatmulOp
    - linalg::FillOp
    - linalg::QuantizedBatchMatmulOp
    - tensor::DimOp
    - tensor::EmptyOp
  tosa::MaxPool2dOp:
    - arith::CmpFOp
    - arith::ConstantOp
    - arith::SelectOp
    - linalg::FillOp
    - linalg::GenericOp
    - linalg::PoolingNhwcMaxOp
    - linalg::PoolingNhwcMaxUnsignedOp
    - linalg::YieldOp
    - tensor::EmptyOp
  tosa::TransposeOp:
    - linalg::TransposeOp
    - tensor::EmptyOp
  typename TosaConvOp::Adaptor:
    - LinalgConvOp
    - LinalgConvQOp
    - arith::ConstantOp
    - tensor::EmptyOp
    - tosa::TransposeOp

📄 Parsing file: //workspace/llvm-release/llvm-project/mlir/lib/Conversion/TosaToLinalg/TosaToLinalg.cpp
  FFT2dOp:
    - arith::AddFOp
    - arith::ConstantOp
    - arith::DivFOp
    - arith::MulFOp
    - arith::SubFOp
    - index::MulOp
    - index::RemUOp
    - linalg::GenericOp
    - linalg::IndexOp
    - linalg::YieldOp
    - math::CosOp
    - math::SinOp
  RFFT2dOp:
    - arith::AddFOp
    - arith::ConstantOp
    - arith::DivFOp
    - arith::MulFOp
    - arith::SubFOp
    - index::MulOp
    - index::RemUOp
    - linalg::GenericOp
    - linalg::IndexOp
    - linalg::YieldOp
    - math::CosOp
    - math::SinOp
  SrcOp:
  tosa::ArgMaxOp:
    - arith::CmpFOp
    - arith::CmpIOp
    - arith::ConstantOp
    - arith::IndexCastOp
    - arith::SelectOp
    - linalg::FillOp
    - linalg::GenericOp
    - linalg::IndexOp
    - linalg::YieldOp
    - tensor::DimOp
    - tensor::EmptyOp
  tosa::GatherOp:
    - arith::IndexCastOp
    - linalg::GenericOp
    - linalg::IndexOp
    - linalg::YieldOp
    - tensor::EmptyOp
    - tensor::ExtractOp
  tosa::RescaleOp:
    - arith::AddIOp
    - arith::ConstantOp
    - arith::ExtSIOp
    - arith::ExtUIOp
    - arith::SubIOp
    - arith::TruncIOp
    - linalg::GenericOp
    - linalg::YieldOp
    - tensor::DimOp
    - tensor::EmptyOp
    - tosa::ApplyScaleOp
  tosa::ResizeOp:
    - arith::AddFOp
    - arith::AddIOp
    - arith::CmpFOp
    - arith::CmpIOp
    - arith::ConstantIndexOp
    - arith::ConstantOp
    - arith::DivFOp
    - arith::DivSIOp
    - arith::ExtSIOp
    - arith::FloorDivSIOp
    - arith::IndexCastOp
    - arith::MulFOp
    - arith::MulIOp
    - arith::RemSIOp
    - arith::SIToFPOp
    - arith::SelectOp
    - arith::ShLIOp
    - arith::SubFOp
    - arith::SubIOp
    - arith::UIToFPOp
    - linalg::GenericOp
    - linalg::IndexOp
    - linalg::YieldOp
    - tensor::CollapseShapeOp
    - tensor::DimOp
    - tensor::EmptyOp
    - tensor::ExpandShapeOp
    - tensor::ExtractOp
    - tosa::ResizeOp
  tosa::ReverseOp:
    - arith::ConstantIndexOp
    - arith::SubIOp
    - linalg::GenericOp
    - linalg::IndexOp
    - linalg::YieldOp
    - tensor::DimOp
    - tensor::EmptyOp
    - tensor::ExtractOp
  tosa::TableOp:
    - arith::AddIOp
    - arith::AndIOp
    - arith::ConstantIndexOp
    - arith::ConstantOp
    - arith::ExtSIOp
    - arith::IndexCastOp
    - arith::MulIOp
    - arith::ShLIOp
    - arith::ShRUIOp
    - arith::SubIOp
    - linalg::GenericOp
    - linalg::YieldOp
    - tensor::DimOp
    - tensor::EmptyOp
    - tensor::ExtractOp
  tosa::TileOp:
    - linalg::GenericOp
    - linalg::YieldOp
    - tensor::DimOp
    - tensor::EmptyOp
    - tosa::ReshapeOp

📄 Parsing file: //workspace/llvm-release/llvm-project/mlir/lib/Conversion/TosaToSCF/TosaToSCF.cpp
  tosa::IfOp:
    - scf::IfOp
    - tensor::ExtractOp
  tosa::ScatterOp:
    - arith::IndexCastOp
    - tensor::ExtractOp
    - tensor::ExtractSliceOp
    - tensor::InsertSliceOp
  tosa::WhileOp:
    - scf::WhileOp

📄 Parsing file: //workspace/llvm-release/llvm-project/mlir/lib/Conversion/TosaToArith/TosaToArith.cpp
  tosa::ApplyScaleOp:
    - arith::AddIOp
    - arith::CmpIOp
    - arith::ExtSIOp
    - arith::ExtUIOp
    - arith::MulIOp
    - arith::MulSIExtendedOp
    - arith::SelectOp
    - arith::ShLIOp
    - arith::ShRSIOp
    - arith::ShRUIOp
    - arith::SubIOp
    - arith::TruncIOp
  tosa::ConstOp:
    - arith::ConstantOp

📄 Parsing file: //workspace/llvm-release/llvm-project/mlir/lib/Conversion/TosaToTensor/TosaToTensor.cpp
  tosa::ConcatOp:
    - arith::ConstantOp
    - tensor::EmptyOp
  tosa::PadOp:
    - arith::ConstantOp
    - tensor::PadOp
  tosa::ReshapeOp:
  tosa::SliceOp:
    - arith::ConstantOp
    - arith::SubIOp
    - tensor::DimOp
    - tensor::ExtractSliceOp
